<?xml version="1.0" encoding="UTF-8"?>
<!-- Generated by org.testng.reporters.JUnitReportReporter -->
<testsuite hostname="DESKTOP-BATUL7O" failures="0" tests="3" name="WingifyTest.WingifyTest" time="16.694" errors="0" timestamp="2024-05-25T13:52:24 IST" skipped="0">
  <testcase classname="WingifyTest.WingifyTest" name="Loginwithoutdata" time="3.646"/>
  <testcase classname="WingifyTest.WingifyTest" name="LoginTest" time="9.096"/>
  <testcase classname="WingifyTest.WingifyTest" name="AmountDataTest" time="3.952"/>
</testsuite> <!-- WingifyTest.WingifyTest -->
