<?xml version="1.0" encoding="UTF-8"?>
<!-- Generated by org.testng.reporters.JUnitReportReporter -->
<testsuite hostname="DESKTOP-BATUL7O" failures="0" tests="1" name="TestPackage.AmountTableTest" time="3.481" errors="0" timestamp="2024-05-25T15:29:25 IST" skipped="0">
  <testcase classname="TestPackage.AmountTableTest" name="AmountDataTest" time="3.481"/>
</testsuite> <!-- TestPackage.AmountTableTest -->
