<?xml version="1.0" encoding="UTF-8"?>
<!-- Generated by org.testng.reporters.JUnitReportReporter -->
<testsuite hostname="DESKTOP-BATUL7O" failures="0" tests="4" name="TestPackage.LoginTest" time="18.554" errors="0" timestamp="2024-05-25T15:29:25 IST" skipped="0">
  <testcase classname="TestPackage.LoginTest" name="loginwithoutdata" time="3.464"/>
  <testcase classname="TestPackage.LoginTest" name="loginwithspacechar" time="8.341"/>
  <testcase classname="TestPackage.LoginTest" name="loginwithoutusername" time="3.423"/>
  <testcase classname="TestPackage.LoginTest" name="loginwithoutpassword" time="3.326"/>
</testsuite> <!-- TestPackage.LoginTest -->
